   Compiling proc-macro2 v1.0.106
   Compiling unicode-ident v1.0.24
   Compiling quote v1.0.45
   Compiling cfg-if v1.0.4
   Compiling once_cell v1.21.4
   Compiling libc v0.2.184
   Compiling serde_core v1.0.228
   Compiling version_check v0.9.5
   Compiling smallvec v1.15.1
   Compiling pin-project-lite v0.2.17
   Compiling itoa v1.0.18
   Compiling bytes v1.11.1
   Compiling find-msvc-tools v0.1.9
   Compiling shlex v1.3.0
   Compiling futures-core v0.3.32
   Compiling pkg-config v0.3.32
   Compiling parking_lot_core v0.9.12
   Compiling vcpkg v0.2.15
   Compiling stable_deref_trait v1.2.1
   Compiling scopeguard v1.2.0
   Compiling log v0.4.29
   Compiling cc v1.2.60
   Compiling lock_api v0.4.14
   Compiling serde v1.0.228
   Compiling tracing-core v0.1.36
   Compiling zerocopy v0.8.48
   Compiling crunchy v0.2.4
   Compiling tower-service v0.3.3
   Compiling ahash v0.8.12
   Compiling hashbrown v0.17.0
   Compiling slab v0.4.12
   Compiling equivalent v1.0.2
   Compiling allocator-api2 v0.2.21
   Compiling tiny-keccak v2.0.2
   Compiling litemap v0.8.2
   Compiling typenum v1.19.0
   Compiling futures-task v0.3.32
   Compiling httparse v1.10.1
   Compiling writeable v0.6.3
   Compiling futures-util v0.3.32
   Compiling http v1.4.0
   Compiling generic-array v0.14.7
   Compiling icu_normalizer_data v2.2.0
   Compiling memchr v2.8.0
   Compiling icu_properties_data v2.2.0
   Compiling utf8_iter v1.0.4
   Compiling syn v2.0.117
   Compiling indexmap v2.14.0
   Compiling futures-channel v0.3.32
   Compiling openssl v0.10.76
   Compiling ucd-trie v0.1.7
   Compiling fnv v1.0.7
   Compiling zmij v1.0.21
   Compiling foreign-types-shared v0.1.1
   Compiling httpdate v1.0.3
   Compiling errno v0.3.14
   Compiling socket2 v0.6.3
   Compiling mio v1.2.0
   Compiling signal-hook-registry v1.4.8
   Compiling http-body v1.0.1
   Compiling parking_lot v0.12.5
   Compiling getrandom v0.2.17
   Compiling openssl-sys v0.9.112
   Compiling pest v2.8.6
   Compiling foreign-types v0.3.2
   Compiling http v0.2.12
   Compiling const-random-macro v0.1.16
   Compiling tower-layer v0.3.3
   Compiling futures-sink v0.3.32
   Compiling percent-encoding v2.3.2
   Compiling serde_json v1.0.149
   Compiling native-tls v0.2.18
   Compiling const-random v0.1.18
   Compiling form_urlencoded v1.2.2
   Compiling openssl-probe v0.2.1
   Compiling try-lock v0.2.5
   Compiling base64 v0.21.7
   Compiling rustversion v1.0.22
   Compiling crypto-common v0.1.7
   Compiling want v0.3.1
   Compiling block-buffer v0.10.4
   Compiling dlv-list v0.5.2
   Compiling http-body-util v0.1.3
   Compiling libsqlite3-sys v0.28.0
   Compiling socket2 v0.5.10
   Compiling encoding_rs v0.8.35
   Compiling atomic-waker v1.1.2
   Compiling ryu v1.0.23
   Compiling mime v0.3.17
   Compiling sync_wrapper v1.0.2
   Compiling subtle v2.6.1
   Compiling bitflags v2.11.0
   Compiling winnow v0.7.15
   Compiling http-body v0.4.6
   Compiling toml_write v0.1.2
   Compiling digest v0.10.7
   Compiling pest_meta v2.8.6
   Compiling unicode-segmentation v1.13.2
   Compiling minimal-lexical v0.2.1
   Compiling arraydeque v0.5.1
   Compiling thiserror v1.0.69
   Compiling lazy_static v1.5.0
   Compiling nom v7.1.3
   Compiling convert_case v0.6.0
   Compiling sharded-slab v0.1.7
   Compiling serde_path_to_error v0.1.20
   Compiling rustls-pemfile v1.0.4
   Compiling tracing-log v0.2.0
   Compiling thread_local v1.1.9
   Compiling sync_wrapper v0.1.2
   Compiling ipnet v2.12.0
   Compiling pathdiff v0.2.3
   Compiling matchit v0.7.3
   Compiling nu-ansi-term v0.50.3
   Compiling fallible-streaming-iterator v0.1.9
   Compiling fallible-iterator v0.3.0
   Compiling cpufeatures v0.2.17
   Compiling sha2 v0.10.9
   Compiling tracing-subscriber v0.3.23
   Compiling hmac v0.12.1
   Compiling tower-http v0.5.2
   Compiling hex v0.4.3
   Compiling synstructure v0.13.2
   Compiling pest_generator v2.8.6
   Compiling hashbrown v0.14.5
   Compiling zerofrom-derive v0.1.7
   Compiling yoke-derive v0.8.2
   Compiling zerovec-derive v0.11.3
   Compiling displaydoc v0.2.5
   Compiling serde_derive v1.0.228
   Compiling tokio-macros v2.7.0
   Compiling tracing-attributes v0.1.31
   Compiling openssl-macros v0.1.1
   Compiling async-trait v0.1.89
   Compiling pest_derive v2.8.6
   Compiling thiserror-impl v1.0.69
   Compiling ordered-multimap v0.7.3
   Compiling hashlink v0.8.4
   Compiling rust-ini v0.20.0
   Compiling hashlink v0.9.1
   Compiling tokio v1.51.1
   Compiling yaml-rust2 v0.8.1
   Compiling zerofrom v0.1.7
   Compiling tracing v0.1.44
   Compiling yoke v0.8.2
   Compiling zerovec v0.11.6
   Compiling zerotrie v0.2.4
   Compiling axum-core v0.4.5
   Compiling tower v0.4.13
   Compiling tinystr v0.8.3
   Compiling potential_utf v0.1.5
   Compiling icu_collections v2.2.0
   Compiling icu_locale_core v2.2.0
   Compiling icu_provider v2.2.0
   Compiling toml_datetime v0.6.11
   Compiling serde_spanned v0.6.9
   Compiling serde_urlencoded v0.7.1
   Compiling ron v0.8.1
   Compiling json5 v0.4.1
   Compiling icu_properties v2.2.0
   Compiling icu_normalizer v2.2.0
   Compiling toml_edit v0.22.27
   Compiling idna_adapter v1.2.1
   Compiling idna v1.1.0
   Compiling url v2.5.8
   Compiling toml v0.8.23
   Compiling tokio-util v0.7.18
   Compiling tokio-native-tls v0.3.1
   Compiling hyper v1.9.0
   Compiling tower v0.5.3
   Compiling config v0.14.1
   Compiling h2 v0.3.27
   Compiling hyper-util v0.1.20
   Compiling axum v0.7.9
   Compiling hyper v0.14.32
   Compiling hyper-tls v0.5.0
   Compiling reqwest v0.11.27
   Compiling rusqlite v0.31.0
   Compiling xergon-relay-minimal v0.1.0 (/home/n1ur0/Xergon-Network/xergon-relay)
    Finished `release` profile [optimized] target(s) in 46.32s
     Running `target/release/xergon-relay-minimal`
[2m2026-04-12T11:37:01.190775Z[0m [32m INFO[0m [2mxergon_relay_minimal[0m[2m:[0m Starting Xergon Relay on 0.0.0.0:9090
[2m2026-04-12T11:37:01.190798Z[0m [32m INFO[0m [2mxergon_relay_minimal[0m[2m:[0m Endpoints:
[2m2026-04-12T11:37:01.190802Z[0m [32m INFO[0m [2mxergon_relay_minimal[0m[2m:[0m   POST /register - Register a new provider
[2m2026-04-12T11:37:01.190805Z[0m [32m INFO[0m [2mxergon_relay_minimal[0m[2m:[0m   POST /heartbeat - Send heartbeat from provider
[2m2026-04-12T11:37:01.190808Z[0m [32m INFO[0m [2mxergon_relay_minimal[0m[2m:[0m   GET /providers - List registered providers
[2m2026-04-12T11:37:01.190811Z[0m [32m INFO[0m [2mxergon_relay_minimal[0m[2m:[0m   POST /v1/chat/completions - Chat completions (requires API key)
[2m2026-04-12T11:37:01.190814Z[0m [32m INFO[0m [2mxergon_relay_minimal[0m[2m:[0m   GET /health - Health check
